[debug] [2022-03-17T13:02:37.328Z] ----------------------------------------------------------------------
[debug] [2022-03-17T13:02:37.330Z] Command:       /Users/william/.nvm/versions/node/v16.13.0/bin/node /Users/william/.nvm/versions/node/v16.13.0/bin/firebase deploy
[debug] [2022-03-17T13:02:37.331Z] CLI Version:   10.3.1
[debug] [2022-03-17T13:02:37.331Z] Platform:      darwin
[debug] [2022-03-17T13:02:37.331Z] Node Version:  v16.13.0
[debug] [2022-03-17T13:02:37.350Z] Time:          Fri Mar 18 2022 00:02:37 GMT+1100 (Australian Eastern Daylight Time)
[debug] [2022-03-17T13:02:37.351Z] ----------------------------------------------------------------------
[debug] 
[debug] [2022-03-17T13:02:37.357Z] >>> [apiv2][query] GET https://firebase-public.firebaseio.com/cli.json [none]
[debug] [2022-03-17T13:02:37.636Z] > command requires scopes: ["email","openid","https://www.googleapis.com/auth/cloudplatformprojects.readonly","https://www.googleapis.com/auth/firebase","https://www.googleapis.com/auth/cloud-platform"]
[debug] [2022-03-17T13:02:37.636Z] > authorizing via signed-in user (williamyhg1@gmail.com)
[debug] [2022-03-17T13:02:37.636Z] [iam] checking project airbnb-clone-6ff0c for permissions ["firebase.projects.get","firebasehosting.sites.update"]
[debug] [2022-03-17T13:02:37.638Z] > refreshing access token with scopes: []
[debug] [2022-03-17T13:02:37.639Z] >>> HTTP REQUEST POST https://www.googleapis.com/oauth2/v3/token  
 <request body omitted>
[debug] [2022-03-17T13:02:37.929Z] <<< HTTP RESPONSE 200 {"cache-control":"no-cache, no-store, max-age=0, must-revalidate","date":"Thu, 17 Mar 2022 13:02:37 GMT","pragma":"no-cache","expires":"Mon, 01 Jan 1990 00:00:00 GMT","content-type":"application/json; charset=utf-8","vary":"X-Origin, Referer, Origin,Accept-Encoding","server":"scaffolding on HTTPServer2","x-xss-protection":"0","x-frame-options":"SAMEORIGIN","x-content-type-options":"nosniff","alt-svc":"h3=\":443\"; ma=2592000,h3-29=\":443\"; ma=2592000,h3-Q050=\":443\"; ma=2592000,h3-Q046=\":443\"; ma=2592000,h3-Q043=\":443\"; ma=2592000,quic=\":443\"; ma=2592000; v=\"46,43\"","accept-ranges":"none","transfer-encoding":"chunked"}
[debug] [2022-03-17T13:02:37.966Z] >>> [apiv2][query] POST https://cloudresourcemanager.googleapis.com/v1/projects/airbnb-clone-6ff0c:testIamPermissions [none]
[debug] [2022-03-17T13:02:37.967Z] >>> [apiv2][body] POST https://cloudresourcemanager.googleapis.com/v1/projects/airbnb-clone-6ff0c:testIamPermissions {"permissions":["firebase.projects.get","firebasehosting.sites.update"]}
[debug] [2022-03-17T13:02:38.292Z] <<< [apiv2][status] GET https://firebase-public.firebaseio.com/cli.json 200
[debug] [2022-03-17T13:02:38.293Z] <<< [apiv2][body] GET https://firebase-public.firebaseio.com/cli.json {"cloudBuildErrorAfter":1594252800000,"cloudBuildWarnAfter":1590019200000,"defaultNode10After":1594252800000,"minVersion":"3.0.5","node8DeploysDisabledAfter":1613390400000,"node8RuntimeDisabledAfter":1615809600000,"node8WarnAfter":1600128000000}
[debug] [2022-03-17T13:02:39.182Z] <<< [apiv2][status] POST https://cloudresourcemanager.googleapis.com/v1/projects/airbnb-clone-6ff0c:testIamPermissions 200
[debug] [2022-03-17T13:02:39.183Z] <<< [apiv2][body] POST https://cloudresourcemanager.googleapis.com/v1/projects/airbnb-clone-6ff0c:testIamPermissions {"permissions":["firebase.projects.get","firebasehosting.sites.update"]}
[debug] [2022-03-17T13:02:39.184Z] >>> [apiv2][query] GET https://firebase.googleapis.com/v1beta1/projects/airbnb-clone-6ff0c [none]
[debug] [2022-03-17T13:02:39.803Z] <<< [apiv2][status] GET https://firebase.googleapis.com/v1beta1/projects/airbnb-clone-6ff0c 200
[debug] [2022-03-17T13:02:39.804Z] <<< [apiv2][body] GET https://firebase.googleapis.com/v1beta1/projects/airbnb-clone-6ff0c {"projectId":"airbnb-clone-6ff0c","projectNumber":"747650000325","displayName":"airbnb-clone","name":"projects/airbnb-clone-6ff0c","resources":{"hostingSite":"airbnb-clone-6ff0c","realtimeDatabaseInstance":"airbnb-clone-6ff0c-default-rtdb","storageBucket":"airbnb-clone-6ff0c.appspot.com","locationId":"us-central"},"state":"ACTIVE"}
[info] 
[info] === Deploying to 'airbnb-clone-6ff0c'...
[info] 
[info] i  deploying hosting 
[debug] [2022-03-17T13:02:39.808Z] >>> [apiv2][query] GET https://firebase.googleapis.com/v1beta1/projects/airbnb-clone-6ff0c [none]
[debug] [2022-03-17T13:02:40.616Z] <<< [apiv2][status] GET https://firebase.googleapis.com/v1beta1/projects/airbnb-clone-6ff0c 200
[debug] [2022-03-17T13:02:40.616Z] <<< [apiv2][body] GET https://firebase.googleapis.com/v1beta1/projects/airbnb-clone-6ff0c {"projectId":"airbnb-clone-6ff0c","projectNumber":"747650000325","displayName":"airbnb-clone","name":"projects/airbnb-clone-6ff0c","resources":{"hostingSite":"airbnb-clone-6ff0c","realtimeDatabaseInstance":"airbnb-clone-6ff0c-default-rtdb","storageBucket":"airbnb-clone-6ff0c.appspot.com","locationId":"us-central"},"state":"ACTIVE"}
[debug] [2022-03-17T13:02:40.618Z] >>> [apiv2][query] POST https://firebasehosting.googleapis.com/v1beta1/projects/747650000325/sites/airbnb-clone-6ff0c/versions [none]
[debug] [2022-03-17T13:02:40.619Z] >>> [apiv2][body] POST https://firebasehosting.googleapis.com/v1beta1/projects/747650000325/sites/airbnb-clone-6ff0c/versions {"config":{"rewrites":[{"glob":"**","path":"/index.html"}]},"labels":{"deployment-tool":"cli-firebase"}}
[debug] [2022-03-17T13:02:42.457Z] <<< [apiv2][status] POST https://firebasehosting.googleapis.com/v1beta1/projects/747650000325/sites/airbnb-clone-6ff0c/versions 200
[debug] [2022-03-17T13:02:42.457Z] <<< [apiv2][body] POST https://firebasehosting.googleapis.com/v1beta1/projects/747650000325/sites/airbnb-clone-6ff0c/versions {"name":"projects/747650000325/sites/airbnb-clone-6ff0c/versions/e407cfed28ce05af","status":"CREATED","config":{"rewrites":[{"glob":"**","path":"/index.html"}]},"labels":{"deployment-tool":"cli-firebase"}}
[info] i  hosting[airbnb-clone-6ff0c]: beginning deploy... 
[info] i  hosting[airbnb-clone-6ff0c]: found 12 files in build 
[debug] [2022-03-17T13:02:43.582Z] [hosting] hash cache [YnVpbGQ] stored for 12 files
[debug] [2022-03-17T13:02:43.583Z] [hosting][hash queue][FINAL] {"max":1100,"min":29,"avg":135.25,"active":0,"complete":12,"success":12,"errored":0,"retried":0,"total":12,"elapsed":1111}
[debug] [2022-03-17T13:02:43.583Z] >>> [apiv2][query] POST https://firebasehosting.googleapis.com/v1beta1/projects/747650000325/sites/airbnb-clone-6ff0c/versions/e407cfed28ce05af:populateFiles [none]
[debug] [2022-03-17T13:02:43.583Z] >>> [apiv2][body] POST https://firebasehosting.googleapis.com/v1beta1/projects/747650000325/sites/airbnb-clone-6ff0c/versions/e407cfed28ce05af:populateFiles {"files":{"/logo192.png":"caff018b7f1e8fd481eb1c50d75b0ef236bcd5078b1d15c8bb348453fee30293","/favicon.ico":"b72f7455f00e4e58792d2bca892abb068e2213838c0316d6b7a0d6d16acd1955","/asset-manifest.json":"75127169f1030163fefd1237f74c4af79395f2c6bb8b3b7aec2514cb3921afaa","/index.html":"a3785273aef405b4415424d533b8ace4428ad805f6e7f699aca62129f190546c","/logo512.png":"191fc21360b4ccfb1cda11a1efb97f489ed22672ca83f4064316802bbfdd750e","/robots.txt":"391d14b3c2f8c9143a27a28c7399585142228d4d1bdbe2c87ac946de411fa9a2","/manifest.json":"341d52628782f8ac9290bbfc43298afccb47b7cbfcee146ae30cf0f46bc30900","/static/css/main.cfa28b04.css":"81aac3d1074737b45d23b1961d86e1b63d894a8dd76ec635010395811a6c27c3","/static/js/main.24dde857.js.LICENSE.txt":"782590487de6469adbb126781ee1e7f57ec7e20204bef3c26fdad2d68703be08","/static/css/main.cfa28b04.css.map":"07304bfb0d1356b2a53db695ccdc462b285db16c6cc506bf55793c8211760798","/static/js/main.24dde857.js":"a7934d1c8c4620772fa3c58b32703fde867ce9dd1b774ea829d844749b9f65cb","/static/js/main.24dde857.js.map":"5209e91092b78727863516b6289a36b1d8dc852b660eacde37546afc86b33f8b"}}
[debug] [2022-03-17T13:02:44.958Z] <<< [apiv2][status] POST https://firebasehosting.googleapis.com/v1beta1/projects/747650000325/sites/airbnb-clone-6ff0c/versions/e407cfed28ce05af:populateFiles 200
[debug] [2022-03-17T13:02:44.958Z] <<< [apiv2][body] POST https://firebasehosting.googleapis.com/v1beta1/projects/747650000325/sites/airbnb-clone-6ff0c/versions/e407cfed28ce05af:populateFiles {"uploadRequiredHashes":["5209e91092b78727863516b6289a36b1d8dc852b660eacde37546afc86b33f8b","a7934d1c8c4620772fa3c58b32703fde867ce9dd1b774ea829d844749b9f65cb","a3785273aef405b4415424d533b8ace4428ad805f6e7f699aca62129f190546c","75127169f1030163fefd1237f74c4af79395f2c6bb8b3b7aec2514cb3921afaa"],"uploadUrl":"https://upload-firebasehosting.googleapis.com/upload/sites/airbnb-clone-6ff0c/versions/e407cfed28ce05af/files"}
[debug] [2022-03-17T13:02:44.961Z] >>> [apiv2][query] POST https://upload-firebasehosting.googleapis.com/upload/sites/airbnb-clone-6ff0c/versions/e407cfed28ce05af/files/5209e91092b78727863516b6289a36b1d8dc852b660eacde37546afc86b33f8b [none]
[debug] [2022-03-17T13:02:44.961Z] >>> [apiv2][body] POST https://upload-firebasehosting.googleapis.com/upload/sites/airbnb-clone-6ff0c/versions/e407cfed28ce05af/files/5209e91092b78727863516b6289a36b1d8dc852b660eacde37546afc86b33f8b [stream]
[debug] [2022-03-17T13:02:44.963Z] >>> [apiv2][query] POST https://upload-firebasehosting.googleapis.com/upload/sites/airbnb-clone-6ff0c/versions/e407cfed28ce05af/files/a7934d1c8c4620772fa3c58b32703fde867ce9dd1b774ea829d844749b9f65cb [none]
[debug] [2022-03-17T13:02:44.963Z] >>> [apiv2][body] POST https://upload-firebasehosting.googleapis.com/upload/sites/airbnb-clone-6ff0c/versions/e407cfed28ce05af/files/a7934d1c8c4620772fa3c58b32703fde867ce9dd1b774ea829d844749b9f65cb [stream]
[debug] [2022-03-17T13:02:44.966Z] >>> [apiv2][query] POST https://upload-firebasehosting.googleapis.com/upload/sites/airbnb-clone-6ff0c/versions/e407cfed28ce05af/files/a3785273aef405b4415424d533b8ace4428ad805f6e7f699aca62129f190546c [none]
[debug] [2022-03-17T13:02:44.966Z] >>> [apiv2][body] POST https://upload-firebasehosting.googleapis.com/upload/sites/airbnb-clone-6ff0c/versions/e407cfed28ce05af/files/a3785273aef405b4415424d533b8ace4428ad805f6e7f699aca62129f190546c [stream]
[debug] [2022-03-17T13:02:44.967Z] >>> [apiv2][query] POST https://upload-firebasehosting.googleapis.com/upload/sites/airbnb-clone-6ff0c/versions/e407cfed28ce05af/files/75127169f1030163fefd1237f74c4af79395f2c6bb8b3b7aec2514cb3921afaa [none]
[debug] [2022-03-17T13:02:44.968Z] >>> [apiv2][body] POST https://upload-firebasehosting.googleapis.com/upload/sites/airbnb-clone-6ff0c/versions/e407cfed28ce05af/files/75127169f1030163fefd1237f74c4af79395f2c6bb8b3b7aec2514cb3921afaa [stream]
[debug] [2022-03-17T13:02:44.969Z] [hosting][populate queue][FINAL] {"max":1380,"min":1380,"avg":1380,"active":0,"complete":1,"success":1,"errored":0,"retried":0,"total":1,"elapsed":1388}
[debug] [2022-03-17T13:02:44.969Z] [hosting] uploads queued: 4
[debug] [2022-03-17T13:02:46.815Z] <<< [apiv2][status] POST https://upload-firebasehosting.googleapis.com/upload/sites/airbnb-clone-6ff0c/versions/e407cfed28ce05af/files/a3785273aef405b4415424d533b8ace4428ad805f6e7f699aca62129f190546c 200
[debug] [2022-03-17T13:02:46.816Z] <<< [apiv2][body] POST https://upload-firebasehosting.googleapis.com/upload/sites/airbnb-clone-6ff0c/versions/e407cfed28ce05af/files/a3785273aef405b4415424d533b8ace4428ad805f6e7f699aca62129f190546c [stream]
[debug] [2022-03-17T13:02:47.313Z] <<< [apiv2][status] POST https://upload-firebasehosting.googleapis.com/upload/sites/airbnb-clone-6ff0c/versions/e407cfed28ce05af/files/75127169f1030163fefd1237f74c4af79395f2c6bb8b3b7aec2514cb3921afaa 200
[debug] [2022-03-17T13:02:47.314Z] <<< [apiv2][body] POST https://upload-firebasehosting.googleapis.com/upload/sites/airbnb-clone-6ff0c/versions/e407cfed28ce05af/files/75127169f1030163fefd1237f74c4af79395f2c6bb8b3b7aec2514cb3921afaa [stream]
[debug] [2022-03-17T13:02:48.155Z] <<< [apiv2][status] POST https://upload-firebasehosting.googleapis.com/upload/sites/airbnb-clone-6ff0c/versions/e407cfed28ce05af/files/a7934d1c8c4620772fa3c58b32703fde867ce9dd1b774ea829d844749b9f65cb 200
[debug] [2022-03-17T13:02:48.156Z] <<< [apiv2][body] POST https://upload-firebasehosting.googleapis.com/upload/sites/airbnb-clone-6ff0c/versions/e407cfed28ce05af/files/a7934d1c8c4620772fa3c58b32703fde867ce9dd1b774ea829d844749b9f65cb [stream]
